Using pre-set license
Built from '2021.3/staging' branch; Version is '2021.3.0f1 (6eacc8284459) revision 7253192'; Using compiler version '192829333'; Build Type 'Release'
OS: 'Windows 10  (10.0.19044) 64bit Core' Language: 'en' Physical Memory: 16333 MB
BatchMode: 1, IsHumanControllingUs: 0, StartBugReporterOnCrash: 0, Is64bit: 1, IsPro: 1

COMMAND LINE ARGUMENTS:
C:\Program Files\Unity\Hub\Editor\2021.3.0f1\Editor\Unity.exe
-adb2
-batchMode
-noUpm
-name
AssetImportWorker2
-projectPath
C:/Unity/Projects/GitHub/DinoStore/DinoStore
-logFile
Logs/AssetImportWorker2.log
-srvPort
57142
Successfully changed project path to: C:/Unity/Projects/GitHub/DinoStore/DinoStore
C:/Unity/Projects/GitHub/DinoStore/DinoStore
[UnityMemory] Configuration Parameters - Can be set up in boot.config
    "memorysetup-bucket-allocator-granularity=16"
    "memorysetup-bucket-allocator-bucket-count=8"
    "memorysetup-bucket-allocator-block-size=33554432"
    "memorysetup-bucket-allocator-block-count=8"
    "memorysetup-main-allocator-block-size=16777216"
    "memorysetup-thread-allocator-block-size=16777216"
    "memorysetup-gfx-main-allocator-block-size=16777216"
    "memorysetup-gfx-thread-allocator-block-size=16777216"
    "memorysetup-cache-allocator-block-size=4194304"
    "memorysetup-typetree-allocator-block-size=2097152"
    "memorysetup-profiler-bucket-allocator-granularity=16"
    "memorysetup-profiler-bucket-allocator-bucket-count=8"
    "memorysetup-profiler-bucket-allocator-block-size=33554432"
    "memorysetup-profiler-bucket-allocator-block-count=8"
    "memorysetup-profiler-allocator-block-size=16777216"
    "memorysetup-profiler-editor-allocator-block-size=1048576"
    "memorysetup-temp-allocator-size-main=16777216"
    "memorysetup-job-temp-allocator-block-size=2097152"
    "memorysetup-job-temp-allocator-block-size-background=1048576"
    "memorysetup-job-temp-allocator-reduction-small-platforms=262144"
    "memorysetup-temp-allocator-size-background-worker=32768"
    "memorysetup-temp-allocator-size-job-worker=262144"
    "memorysetup-temp-allocator-size-preload-manager=33554432"
    "memorysetup-temp-allocator-size-nav-mesh-worker=65536"
    "memorysetup-temp-allocator-size-audio-worker=65536"
    "memorysetup-temp-allocator-size-cloud-worker=32768"
    "memorysetup-temp-allocator-size-gi-baking-worker=262144"
    "memorysetup-temp-allocator-size-gfx=262144"
Refreshing native plugins compatible for Editor in 38.37 ms, found 3 plugins.
Preloading 0 native plugins for Editor in 0.00 ms.
Initialize engine version: 2021.3.0f1 (6eacc8284459)
[Subsystems] Discovering subsystems at path C:/Program Files/Unity/Hub/Editor/2021.3.0f1/Editor/Data/Resources/UnitySubsystems
[Subsystems] Discovering subsystems at path C:/Unity/Projects/GitHub/DinoStore/DinoStore/Assets
GfxDevice: creating device client; threaded=0; jobified=0
Direct3D:
    Version:  Direct3D 11.0 [level 11.1]
    Renderer: NVIDIA GeForce RTX 2070 SUPER (ID=0x1e84)
    Vendor:   NVIDIA
    VRAM:     8011 MB
    Driver:   30.0.14.7141
Initialize mono
Mono path[0] = 'C:/Program Files/Unity/Hub/Editor/2021.3.0f1/Editor/Data/Managed'
Mono path[1] = 'C:/Program Files/Unity/Hub/Editor/2021.3.0f1/Editor/Data/MonoBleedingEdge/lib/mono/unityjit-win32'
Mono config path = 'C:/Program Files/Unity/Hub/Editor/2021.3.0f1/Editor/Data/MonoBleedingEdge/etc'
Using monoOptions --debugger-agent=transport=dt_socket,embedding=1,server=y,suspend=n,address=127.0.0.1:56036
Begin MonoManager ReloadAssembly
Registering precompiled unity dll's ...
Register platform support module: C:/Program Files/Unity/Hub/Editor/2021.3.0f1/Editor/Data/PlaybackEngines/WebGLSupport/UnityEditor.WebGL.Extensions.dll
Register platform support module: C:/Program Files/Unity/Hub/Editor/2021.3.0f1/Editor/Data/PlaybackEngines/WindowsStandaloneSupport/UnityEditor.WindowsStandalone.Extensions.dll
Register platform support module: C:/Program Files/Unity/Hub/Editor/2021.3.0f1/Editor/Data/PlaybackEngines/MetroSupport/UnityEditor.UWP.Extensions.dll
Registered in 0.008009 seconds.
Native extension for UWP target not found
Native extension for WindowsStandalone target not found
Native extension for WebGL target not found
Refreshing native plugins compatible for Editor in 35.73 ms, found 3 plugins.
Preloading 0 native plugins for Editor in 0.00 ms.
Mono: successfully reloaded assembly
- Completed reload, in  0.517 seconds
Domain Reload Profiling:
	ReloadAssembly (518ms)
		BeginReloadAssembly (63ms)
			ExecutionOrderSort (0ms)
			DisableScriptedObjects (0ms)
			BackupInstance (0ms)
			ReleaseScriptingObjects (0ms)
			CreateAndSetChildDomain (1ms)
		EndReloadAssembly (354ms)
			LoadAssemblies (61ms)
			RebuildTransferFunctionScriptingTraits (0ms)
			SetupTypeCache (87ms)
			ReleaseScriptCaches (0ms)
			RebuildScriptCaches (22ms)
			SetupLoadedEditorAssemblies (202ms)
				LogAssemblyErrors (0ms)
				InitializePlatformSupportModulesInManaged (9ms)
				SetLoadedEditorAssemblies (0ms)
				RefreshPlugins (36ms)
				BeforeProcessingInitializeOnLoad (1ms)
				ProcessInitializeOnLoadAttributes (119ms)
				ProcessInitializeOnLoadMethodAttributes (37ms)
				AfterProcessingInitializeOnLoad (0ms)
				EditorAssembliesLoaded (0ms)
			ExecutionOrderSort2 (0ms)
			AwakeInstancesAfterBackupRestoration (0ms)
Platform modules already initialized, skipping
Registering precompiled user dll's ...
Registered in 0.004385 seconds.
Begin MonoManager ReloadAssembly
Symbol file LoadedFromMemory is not a mono symbol file
Native extension for UWP target not found
Native extension for WindowsStandalone target not found
Native extension for WebGL target not found
Refreshing native plugins compatible for Editor in 37.25 ms, found 3 plugins.
Preloading 0 native plugins for Editor in 0.00 ms.
Mono: successfully reloaded assembly
- Completed reload, in  0.826 seconds
Domain Reload Profiling:
	ReloadAssembly (827ms)
		BeginReloadAssembly (94ms)
			ExecutionOrderSort (0ms)
			DisableScriptedObjects (5ms)
			BackupInstance (0ms)
			ReleaseScriptingObjects (0ms)
			CreateAndSetChildDomain (16ms)
		EndReloadAssembly (631ms)
			LoadAssemblies (73ms)
			RebuildTransferFunctionScriptingTraits (0ms)
			SetupTypeCache (157ms)
			ReleaseScriptCaches (0ms)
			RebuildScriptCaches (40ms)
			SetupLoadedEditorAssemblies (321ms)
				LogAssemblyErrors (0ms)
				InitializePlatformSupportModulesInManaged (6ms)
				SetLoadedEditorAssemblies (0ms)
				RefreshPlugins (37ms)
				BeforeProcessingInitializeOnLoad (62ms)
				ProcessInitializeOnLoadAttributes (174ms)
				ProcessInitializeOnLoadMethodAttributes (33ms)
				AfterProcessingInitializeOnLoad (8ms)
				EditorAssembliesLoaded (0ms)
			ExecutionOrderSort2 (0ms)
			AwakeInstancesAfterBackupRestoration (5ms)
Platform modules already initialized, skipping
========================================================================
Worker process is ready to serve import requests
Launched and connected shader compiler UnityShaderCompiler.exe after 0.05 seconds
Refreshing native plugins compatible for Editor in 0.49 ms, found 3 plugins.
Preloading 0 native plugins for Editor in 0.00 ms.
Unloading 2321 Unused Serialized files (Serialized files now loaded: 0)
Unloading 30 unused Assets / (55.8 KB). Loaded Objects now: 2784.
Memory consumption went from 104.9 MB to 104.9 MB.
Total: 2.704200 ms (FindLiveObjects: 0.207900 ms CreateObjectMapping: 0.064000 ms MarkObjects: 2.377400 ms  DeleteObjects: 0.053700 ms)

AssetImportParameters requested are different than current active one (requested -> active):
  custom:video-decoder-ogg-theora: a1e56fd34408186e4bbccfd4996cb3dc -> 
  custom:container-muxer-webm: aa71ff27fc2769a1b78a27578f13a17b -> 
  custom:container-demuxer-webm: 4f35f7cbe854078d1ac9338744f61a02 -> 
  custom:video-encoder-webm-vp8: eb34c28f22e8b96e1ab97ce403110664 -> 
  custom:audio-encoder-webm-vorbis: bf7c407c2cedff20999df2af8eb42d56 -> 
  custom:framework-win-MediaFoundation: 216162199b28c13a410421893ffa2e32 -> 
  custom:container-demuxer-ogg: 62fdf1f143b41e24485cea50d1cbac27 -> 
  custom:video-decoder-webm-vp8: 9c59270c3fd7afecdb556c50c9e8de78 -> 
  custom:audio-decoder-ogg-vorbis: bf7c407c2cedff20999df2af8eb42d56 -> 
========================================================================
Received Import Request.
  Time since last request: 118293.805175 seconds.
  path: Assets/Sprites/mp_house_interiors_tileset_pack/readme.txt
  artifactKey: Guid(1c67b27cdc29a9f42a6b5a916ef703a0) Importer(815301076,1909f56bfc062723c751e8b465ee728b)
Start importing Assets/Sprites/mp_house_interiors_tileset_pack/readme.txt using Guid(1c67b27cdc29a9f42a6b5a916ef703a0) Importer(815301076,1909f56bfc062723c751e8b465ee728b)  -> (artifact id: 'a582f622660886c9ee6e9fb3574cbe14') in 0.031350 seconds 
========================================================================
Received Import Request.
  Time since last request: 55.578264 seconds.
  path: Assets/Sprites/mp_house_interiors_tileset_pack/living_room.png
  artifactKey: Guid(a62b27caf254f1741890930abc5ca0b7) Importer(815301076,1909f56bfc062723c751e8b465ee728b)
Start importing Assets/Sprites/mp_house_interiors_tileset_pack/living_room.png using Guid(a62b27caf254f1741890930abc5ca0b7) Importer(815301076,1909f56bfc062723c751e8b465ee728b)  -> (artifact id: 'f7793838392c3d26f8860377168de890') in 0.036419 seconds 
========================================================================
Received Import Request.
  Time since last request: 0.008006 seconds.
  path: Assets/Sprites/mp_house_interiors_tileset_pack/garage.png
  artifactKey: Guid(8a65c19a0f988a948b67f534703f750f) Importer(815301076,1909f56bfc062723c751e8b465ee728b)
Start importing Assets/Sprites/mp_house_interiors_tileset_pack/garage.png using Guid(8a65c19a0f988a948b67f534703f750f) Importer(815301076,1909f56bfc062723c751e8b465ee728b)  -> (artifact id: 'a1ffa2fdbfe17321173a7860e53e6d99') in 0.011801 seconds 
========================================================================
Received Import Request.
  Time since last request: 0.000020 seconds.
  path: Assets/Sprites/mp_house_interiors_tileset_pack/walls_background.png
  artifactKey: Guid(e05a1e0f4fe94b9408231ed8c7433c49) Importer(815301076,1909f56bfc062723c751e8b465ee728b)
Start importing Assets/Sprites/mp_house_interiors_tileset_pack/walls_background.png using Guid(e05a1e0f4fe94b9408231ed8c7433c49) Importer(815301076,1909f56bfc062723c751e8b465ee728b)  -> (artifact id: '48bb7c01064081d83423d157d135e8c8') in 0.010846 seconds 
========================================================================
Received Import Request.
  Time since last request: 0.000018 seconds.
  path: Assets/Sprites/mp_house_interiors_tileset_pack/office.png
  artifactKey: Guid(32229bc06d2990d4ebea88bccbbf20c3) Importer(815301076,1909f56bfc062723c751e8b465ee728b)
Start importing Assets/Sprites/mp_house_interiors_tileset_pack/office.png using Guid(32229bc06d2990d4ebea88bccbbf20c3) Importer(815301076,1909f56bfc062723c751e8b465ee728b)  -> (artifact id: '200fd1885ce117dc1d3593313cad0f52') in 0.013656 seconds 
========================================================================
Received Import Request.
  Time since last request: 0.000027 seconds.
  path: Assets/Sprites/mp_house_interiors_tileset_pack/parents_room.png
  artifactKey: Guid(90c6a4f38208cf44580ada5948c44ba8) Importer(815301076,1909f56bfc062723c751e8b465ee728b)
Start importing Assets/Sprites/mp_house_interiors_tileset_pack/parents_room.png using Guid(90c6a4f38208cf44580ada5948c44ba8) Importer(815301076,1909f56bfc062723c751e8b465ee728b)  -> (artifact id: '3ea6891890a95de25d498ccb7a58be6c') in 0.016941 seconds 
========================================================================
Received Import Request.
  Time since last request: 0.000018 seconds.
  path: Assets/Sprites/mp_house_interiors_tileset_pack/kitchen.png
  artifactKey: Guid(015ae53d9e9bfea4dbd6abcc361c827f) Importer(815301076,1909f56bfc062723c751e8b465ee728b)
Start importing Assets/Sprites/mp_house_interiors_tileset_pack/kitchen.png using Guid(015ae53d9e9bfea4dbd6abcc361c827f) Importer(815301076,1909f56bfc062723c751e8b465ee728b)  -> (artifact id: 'a8d2ae215e34407fb55fec145d989dba') in 0.010943 seconds 
========================================================================
Received Import Request.
  Time since last request: 74.166260 seconds.
  path: Assets/Sprites/mp_house_interiors_tileset_pack/bathroom.png
  artifactKey: Guid(2e92d46538f138b4e86fc2cbe8d9792e) Importer(815301076,1909f56bfc062723c751e8b465ee728b)
Start importing Assets/Sprites/mp_house_interiors_tileset_pack/bathroom.png using Guid(2e92d46538f138b4e86fc2cbe8d9792e) Importer(815301076,1909f56bfc062723c751e8b465ee728b)  -> (artifact id: '811f2f08623c484239d2cfcb5e04cf88') in 0.084295 seconds 
========================================================================
Received Import Request.
  Time since last request: 29.838813 seconds.
  path: Assets/Sprites/mp_house_interiors_tileset_pack/bathroom.png
  artifactKey: Guid(2e92d46538f138b4e86fc2cbe8d9792e) Importer(815301076,1909f56bfc062723c751e8b465ee728b)
Start importing Assets/Sprites/mp_house_interiors_tileset_pack/bathroom.png using Guid(2e92d46538f138b4e86fc2cbe8d9792e) Importer(815301076,1909f56bfc062723c751e8b465ee728b)  -> (artifact id: '4ce478968c543e50616e68a29ebd69d7') in 0.044686 seconds 
========================================================================
Received Import Request.
  Time since last request: 21.368311 seconds.
  path: Assets/Sprites/mp_house_interiors_tileset_pack/garage.png
  artifactKey: Guid(8a65c19a0f988a948b67f534703f750f) Importer(815301076,1909f56bfc062723c751e8b465ee728b)
Start importing Assets/Sprites/mp_house_interiors_tileset_pack/garage.png using Guid(8a65c19a0f988a948b67f534703f750f) Importer(815301076,1909f56bfc062723c751e8b465ee728b)  -> (artifact id: '296c2a766946913b4978120d5ffce8f8') in 0.052685 seconds 
========================================================================
Received Import Request.
  Time since last request: 22.772265 seconds.
  path: Assets/Sprites/mp_house_interiors_tileset_pack/kids_bedroom.png
  artifactKey: Guid(4f962c830da9eb24b94a5808f3e458ea) Importer(815301076,1909f56bfc062723c751e8b465ee728b)
Start importing Assets/Sprites/mp_house_interiors_tileset_pack/kids_bedroom.png using Guid(4f962c830da9eb24b94a5808f3e458ea) Importer(815301076,1909f56bfc062723c751e8b465ee728b)  -> (artifact id: 'b964e8af7cbf056c14a247aec531015b') in 0.050634 seconds 
========================================================================
Received Import Request.
  Time since last request: 11.261436 seconds.
  path: Assets/Sprites/mp_house_interiors_tileset_pack/kitchen.png
  artifactKey: Guid(015ae53d9e9bfea4dbd6abcc361c827f) Importer(815301076,1909f56bfc062723c751e8b465ee728b)
Start importing Assets/Sprites/mp_house_interiors_tileset_pack/kitchen.png using Guid(015ae53d9e9bfea4dbd6abcc361c827f) Importer(815301076,1909f56bfc062723c751e8b465ee728b)  -> (artifact id: '5dee61b86b7fdd8feb51584e1a1ef3c4') in 0.078697 seconds 
========================================================================
Received Import Request.
  Time since last request: 6.465691 seconds.
  path: Assets/Sprites/mp_house_interiors_tileset_pack/laundry_room.png
  artifactKey: Guid(c40c8d8ff79c42940803250ccf71f47c) Importer(815301076,1909f56bfc062723c751e8b465ee728b)
Start importing Assets/Sprites/mp_house_interiors_tileset_pack/laundry_room.png using Guid(c40c8d8ff79c42940803250ccf71f47c) Importer(815301076,1909f56bfc062723c751e8b465ee728b)  -> (artifact id: 'eb7c373cb0a9986b7e71d31ef74d6a40') in 0.044704 seconds 
========================================================================
Received Import Request.
  Time since last request: 4.342660 seconds.
  path: Assets/Sprites/mp_house_interiors_tileset_pack/living_room.png
  artifactKey: Guid(a62b27caf254f1741890930abc5ca0b7) Importer(815301076,1909f56bfc062723c751e8b465ee728b)
Start importing Assets/Sprites/mp_house_interiors_tileset_pack/living_room.png using Guid(a62b27caf254f1741890930abc5ca0b7) Importer(815301076,1909f56bfc062723c751e8b465ee728b)  -> (artifact id: 'e70c8d9f2d25213f1493fbdff60dd647') in 0.048017 seconds 
========================================================================
Received Import Request.
  Time since last request: 22.271925 seconds.
  path: Assets/Sprites/mp_house_interiors_tileset_pack/office.png
  artifactKey: Guid(32229bc06d2990d4ebea88bccbbf20c3) Importer(815301076,1909f56bfc062723c751e8b465ee728b)
Start importing Assets/Sprites/mp_house_interiors_tileset_pack/office.png using Guid(32229bc06d2990d4ebea88bccbbf20c3) Importer(815301076,1909f56bfc062723c751e8b465ee728b)  -> (artifact id: '91357a1993e7e924dc841d39dd211f54') in 0.040834 seconds 
========================================================================
Received Import Request.
  Time since last request: 5.096591 seconds.
  path: Assets/Sprites/mp_house_interiors_tileset_pack/parents_room.png
  artifactKey: Guid(90c6a4f38208cf44580ada5948c44ba8) Importer(815301076,1909f56bfc062723c751e8b465ee728b)
Start importing Assets/Sprites/mp_house_interiors_tileset_pack/parents_room.png using Guid(90c6a4f38208cf44580ada5948c44ba8) Importer(815301076,1909f56bfc062723c751e8b465ee728b)  -> (artifact id: '8aac0eb9678e06b0b405e49d6d12b76f') in 0.025805 seconds 
========================================================================
Received Import Request.
  Time since last request: 12.592138 seconds.
  path: Assets/Sprites/mp_house_interiors_tileset_pack/tilemap_all.png
  artifactKey: Guid(905735ba452b94e4192f39dd4e6f3583) Importer(815301076,1909f56bfc062723c751e8b465ee728b)
Start importing Assets/Sprites/mp_house_interiors_tileset_pack/tilemap_all.png using Guid(905735ba452b94e4192f39dd4e6f3583) Importer(815301076,1909f56bfc062723c751e8b465ee728b)  -> (artifact id: '29b9f09943e9413b7961770b091c936b') in 0.268285 seconds 
========================================================================
Received Import Request.
  Time since last request: 6.424570 seconds.
  path: Assets/Sprites/mp_house_interiors_tileset_pack/walls_background.png
  artifactKey: Guid(e05a1e0f4fe94b9408231ed8c7433c49) Importer(815301076,1909f56bfc062723c751e8b465ee728b)
Start importing Assets/Sprites/mp_house_interiors_tileset_pack/walls_background.png using Guid(e05a1e0f4fe94b9408231ed8c7433c49) Importer(815301076,1909f56bfc062723c751e8b465ee728b)  -> (artifact id: 'd3391c4b94f545f71bd053d3671f38f2') in 0.029491 seconds 
========================================================================
Received Import Request.
  Time since last request: 3839.374098 seconds.
  path: Assets/Sprites/mp_house_interiors_tileset_pack/walls_background.png
  artifactKey: Guid(e05a1e0f4fe94b9408231ed8c7433c49) Importer(815301076,1909f56bfc062723c751e8b465ee728b)
Start importing Assets/Sprites/mp_house_interiors_tileset_pack/walls_background.png using Guid(e05a1e0f4fe94b9408231ed8c7433c49) Importer(815301076,1909f56bfc062723c751e8b465ee728b)  -> (artifact id: '746ec8e837b82b292bc1240424632d01') in 0.060246 seconds 
