Using pre-set license
Built from '2021.3/staging' branch; Version is '2021.3.0f1 (6eacc8284459) revision 7253192'; Using compiler version '192829333'; Build Type 'Release'
OS: 'Windows 10  (10.0.19044) 64bit Core' Language: 'en' Physical Memory: 16333 MB
BatchMode: 1, IsHumanControllingUs: 0, StartBugReporterOnCrash: 0, Is64bit: 1, IsPro: 1

COMMAND LINE ARGUMENTS:
C:\Program Files\Unity\Hub\Editor\2021.3.0f1\Editor\Unity.exe
-adb2
-batchMode
-noUpm
-name
AssetImportWorker0
-projectPath
C:/Unity/Projects/GitHub/DinoStore/DinoStore
-logFile
Logs/AssetImportWorker0.log
-srvPort
57142
Successfully changed project path to: C:/Unity/Projects/GitHub/DinoStore/DinoStore
C:/Unity/Projects/GitHub/DinoStore/DinoStore
[UnityMemory] Configuration Parameters - Can be set up in boot.config
    "memorysetup-bucket-allocator-granularity=16"
    "memorysetup-bucket-allocator-bucket-count=8"
    "memorysetup-bucket-allocator-block-size=33554432"
    "memorysetup-bucket-allocator-block-count=8"
    "memorysetup-main-allocator-block-size=16777216"
    "memorysetup-thread-allocator-block-size=16777216"
    "memorysetup-gfx-main-allocator-block-size=16777216"
    "memorysetup-gfx-thread-allocator-block-size=16777216"
    "memorysetup-cache-allocator-block-size=4194304"
    "memorysetup-typetree-allocator-block-size=2097152"
    "memorysetup-profiler-bucket-allocator-granularity=16"
    "memorysetup-profiler-bucket-allocator-bucket-count=8"
    "memorysetup-profiler-bucket-allocator-block-size=33554432"
    "memorysetup-profiler-bucket-allocator-block-count=8"
    "memorysetup-profiler-allocator-block-size=16777216"
    "memorysetup-profiler-editor-allocator-block-size=1048576"
    "memorysetup-temp-allocator-size-main=16777216"
    "memorysetup-job-temp-allocator-block-size=2097152"
    "memorysetup-job-temp-allocator-block-size-background=1048576"
    "memorysetup-job-temp-allocator-reduction-small-platforms=262144"
    "memorysetup-temp-allocator-size-background-worker=32768"
    "memorysetup-temp-allocator-size-job-worker=262144"
    "memorysetup-temp-allocator-size-preload-manager=33554432"
    "memorysetup-temp-allocator-size-nav-mesh-worker=65536"
    "memorysetup-temp-allocator-size-audio-worker=65536"
    "memorysetup-temp-allocator-size-cloud-worker=32768"
    "memorysetup-temp-allocator-size-gi-baking-worker=262144"
    "memorysetup-temp-allocator-size-gfx=262144"
Refreshing native plugins compatible for Editor in 37.24 ms, found 3 plugins.
Preloading 0 native plugins for Editor in 0.00 ms.
Initialize engine version: 2021.3.0f1 (6eacc8284459)
[Subsystems] Discovering subsystems at path C:/Program Files/Unity/Hub/Editor/2021.3.0f1/Editor/Data/Resources/UnitySubsystems
[Subsystems] Discovering subsystems at path C:/Unity/Projects/GitHub/DinoStore/DinoStore/Assets
GfxDevice: creating device client; threaded=0; jobified=0
Direct3D:
    Version:  Direct3D 11.0 [level 11.1]
    Renderer: NVIDIA GeForce RTX 2070 SUPER (ID=0x1e84)
    Vendor:   NVIDIA
    VRAM:     8011 MB
    Driver:   30.0.14.7141
Initialize mono
Mono path[0] = 'C:/Program Files/Unity/Hub/Editor/2021.3.0f1/Editor/Data/Managed'
Mono path[1] = 'C:/Program Files/Unity/Hub/Editor/2021.3.0f1/Editor/Data/MonoBleedingEdge/lib/mono/unityjit-win32'
Mono config path = 'C:/Program Files/Unity/Hub/Editor/2021.3.0f1/Editor/Data/MonoBleedingEdge/etc'
Using monoOptions --debugger-agent=transport=dt_socket,embedding=1,server=y,suspend=n,address=127.0.0.1:56404
Begin MonoManager ReloadAssembly
Registering precompiled unity dll's ...
Register platform support module: C:/Program Files/Unity/Hub/Editor/2021.3.0f1/Editor/Data/PlaybackEngines/WebGLSupport/UnityEditor.WebGL.Extensions.dll
Register platform support module: C:/Program Files/Unity/Hub/Editor/2021.3.0f1/Editor/Data/PlaybackEngines/WindowsStandaloneSupport/UnityEditor.WindowsStandalone.Extensions.dll
Register platform support module: C:/Program Files/Unity/Hub/Editor/2021.3.0f1/Editor/Data/PlaybackEngines/MetroSupport/UnityEditor.UWP.Extensions.dll
Registered in 0.010002 seconds.
Native extension for UWP target not found
Native extension for WindowsStandalone target not found
Native extension for WebGL target not found
Refreshing native plugins compatible for Editor in 36.19 ms, found 3 plugins.
Preloading 0 native plugins for Editor in 0.00 ms.
Mono: successfully reloaded assembly
- Completed reload, in  0.545 seconds
Domain Reload Profiling:
	ReloadAssembly (545ms)
		BeginReloadAssembly (69ms)
			ExecutionOrderSort (0ms)
			DisableScriptedObjects (0ms)
			BackupInstance (0ms)
			ReleaseScriptingObjects (0ms)
			CreateAndSetChildDomain (1ms)
		EndReloadAssembly (370ms)
			LoadAssemblies (66ms)
			RebuildTransferFunctionScriptingTraits (0ms)
			SetupTypeCache (89ms)
			ReleaseScriptCaches (0ms)
			RebuildScriptCaches (23ms)
			SetupLoadedEditorAssemblies (213ms)
				LogAssemblyErrors (0ms)
				InitializePlatformSupportModulesInManaged (9ms)
				SetLoadedEditorAssemblies (0ms)
				RefreshPlugins (36ms)
				BeforeProcessingInitializeOnLoad (1ms)
				ProcessInitializeOnLoadAttributes (123ms)
				ProcessInitializeOnLoadMethodAttributes (42ms)
				AfterProcessingInitializeOnLoad (0ms)
				EditorAssembliesLoaded (0ms)
			ExecutionOrderSort2 (0ms)
			AwakeInstancesAfterBackupRestoration (0ms)
Platform modules already initialized, skipping
Registering precompiled user dll's ...
Registered in 0.004691 seconds.
Begin MonoManager ReloadAssembly
Symbol file LoadedFromMemory is not a mono symbol file
Native extension for UWP target not found
Native extension for WindowsStandalone target not found
Native extension for WebGL target not found
Refreshing native plugins compatible for Editor in 36.23 ms, found 3 plugins.
Preloading 0 native plugins for Editor in 0.00 ms.
Mono: successfully reloaded assembly
- Completed reload, in  0.873 seconds
Domain Reload Profiling:
	ReloadAssembly (874ms)
		BeginReloadAssembly (106ms)
			ExecutionOrderSort (0ms)
			DisableScriptedObjects (5ms)
			BackupInstance (0ms)
			ReleaseScriptingObjects (0ms)
			CreateAndSetChildDomain (17ms)
		EndReloadAssembly (654ms)
			LoadAssemblies (84ms)
			RebuildTransferFunctionScriptingTraits (0ms)
			SetupTypeCache (166ms)
			ReleaseScriptCaches (0ms)
			RebuildScriptCaches (38ms)
			SetupLoadedEditorAssemblies (333ms)
				LogAssemblyErrors (0ms)
				InitializePlatformSupportModulesInManaged (7ms)
				SetLoadedEditorAssemblies (0ms)
				RefreshPlugins (36ms)
				BeforeProcessingInitializeOnLoad (65ms)
				ProcessInitializeOnLoadAttributes (184ms)
				ProcessInitializeOnLoadMethodAttributes (32ms)
				AfterProcessingInitializeOnLoad (7ms)
				EditorAssembliesLoaded (0ms)
			ExecutionOrderSort2 (0ms)
			AwakeInstancesAfterBackupRestoration (5ms)
Platform modules already initialized, skipping
========================================================================
Worker process is ready to serve import requests
Launched and connected shader compiler UnityShaderCompiler.exe after 0.06 seconds
Refreshing native plugins compatible for Editor in 0.51 ms, found 3 plugins.
Preloading 0 native plugins for Editor in 0.00 ms.
Unloading 2321 Unused Serialized files (Serialized files now loaded: 0)
Unloading 30 unused Assets / (55.8 KB). Loaded Objects now: 2784.
Memory consumption went from 104.9 MB to 104.9 MB.
Total: 2.828400 ms (FindLiveObjects: 0.254900 ms CreateObjectMapping: 0.057700 ms MarkObjects: 2.463000 ms  DeleteObjects: 0.051800 ms)

AssetImportParameters requested are different than current active one (requested -> active):
  custom:video-decoder-ogg-theora: a1e56fd34408186e4bbccfd4996cb3dc -> 
  custom:container-muxer-webm: aa71ff27fc2769a1b78a27578f13a17b -> 
  custom:container-demuxer-webm: 4f35f7cbe854078d1ac9338744f61a02 -> 
  custom:video-encoder-webm-vp8: eb34c28f22e8b96e1ab97ce403110664 -> 
  custom:audio-encoder-webm-vorbis: bf7c407c2cedff20999df2af8eb42d56 -> 
  custom:framework-win-MediaFoundation: 216162199b28c13a410421893ffa2e32 -> 
  custom:container-demuxer-ogg: 62fdf1f143b41e24485cea50d1cbac27 -> 
  custom:video-decoder-webm-vp8: 9c59270c3fd7afecdb556c50c9e8de78 -> 
  custom:audio-decoder-ogg-vorbis: bf7c407c2cedff20999df2af8eb42d56 -> 
========================================================================
Received Import Request.
  Time since last request: 117874.560584 seconds.
  path: Assets/Scripts
  artifactKey: Guid(b93f46ca6250eb742b4db8d1ce23505b) Importer(815301076,1909f56bfc062723c751e8b465ee728b)
Start importing Assets/Scripts using Guid(b93f46ca6250eb742b4db8d1ce23505b) Importer(815301076,1909f56bfc062723c751e8b465ee728b)  -> (artifact id: '8ac3e9b098c57f7319c7249f0db0e4f2') in 0.009326 seconds 
========================================================================
Received Import Request.
  Time since last request: 410.645007 seconds.
  path: Assets/Sprites/mp_house_interiors_tileset_pack
  artifactKey: Guid(b4581fb30d97f4a40b818fed1f731fc2) Importer(815301076,1909f56bfc062723c751e8b465ee728b)
Start importing Assets/Sprites/mp_house_interiors_tileset_pack using Guid(b4581fb30d97f4a40b818fed1f731fc2) Importer(815301076,1909f56bfc062723c751e8b465ee728b)  -> (artifact id: '1e2773a3e9635f01e11ab024b8ab9315') in 0.006937 seconds 
========================================================================
Received Import Request.
  Time since last request: 0.031874 seconds.
  path: Assets/Sprites/mp_house_interiors_tileset_pack/bathroom.png
  artifactKey: Guid(2e92d46538f138b4e86fc2cbe8d9792e) Importer(815301076,1909f56bfc062723c751e8b465ee728b)
Start importing Assets/Sprites/mp_house_interiors_tileset_pack/bathroom.png using Guid(2e92d46538f138b4e86fc2cbe8d9792e) Importer(815301076,1909f56bfc062723c751e8b465ee728b)  -> (artifact id: '62ca5814b1577e0e3587cbe1738edd1b') in 0.100557 seconds 
========================================================================
Received Import Request.
  Time since last request: 0.000014 seconds.
  path: Assets/Sprites/mp_house_interiors_tileset_pack/walls_background.png
  artifactKey: Guid(e05a1e0f4fe94b9408231ed8c7433c49) Importer(815301076,1909f56bfc062723c751e8b465ee728b)
Start importing Assets/Sprites/mp_house_interiors_tileset_pack/walls_background.png using Guid(e05a1e0f4fe94b9408231ed8c7433c49) Importer(815301076,1909f56bfc062723c751e8b465ee728b)  -> (artifact id: 'b1c7ac4e776534fcc140964327417ad8') in 0.022732 seconds 
========================================================================
Received Import Request.
  Time since last request: 0.000028 seconds.
  path: Assets/Sprites/mp_house_interiors_tileset_pack/office.png
  artifactKey: Guid(32229bc06d2990d4ebea88bccbbf20c3) Importer(815301076,1909f56bfc062723c751e8b465ee728b)
Start importing Assets/Sprites/mp_house_interiors_tileset_pack/office.png using Guid(32229bc06d2990d4ebea88bccbbf20c3) Importer(815301076,1909f56bfc062723c751e8b465ee728b)  -> (artifact id: '90b25df5e2c1bd48a60002513710e194') in 0.019692 seconds 
========================================================================
Received Import Request.
  Time since last request: 0.000019 seconds.
  path: Assets/Sprites/mp_house_interiors_tileset_pack/parents_room.png
  artifactKey: Guid(90c6a4f38208cf44580ada5948c44ba8) Importer(815301076,1909f56bfc062723c751e8b465ee728b)
Start importing Assets/Sprites/mp_house_interiors_tileset_pack/parents_room.png using Guid(90c6a4f38208cf44580ada5948c44ba8) Importer(815301076,1909f56bfc062723c751e8b465ee728b)  -> (artifact id: '66d1d4a9e32dbd365bad6460da86ceef') in 0.018924 seconds 
========================================================================
Received Import Request.
  Time since last request: 0.000021 seconds.
  path: Assets/Sprites/mp_house_interiors_tileset_pack/mp_house_interiors_tileset_pack.psd
  artifactKey: Guid(4829e94f6df2a70478f71a34b54f8d79) Importer(815301076,1909f56bfc062723c751e8b465ee728b)
Start importing Assets/Sprites/mp_house_interiors_tileset_pack/mp_house_interiors_tileset_pack.psd using Guid(4829e94f6df2a70478f71a34b54f8d79) Importer(815301076,1909f56bfc062723c751e8b465ee728b)  -> (artifact id: '67a8bf9748d20b676f8075585f459a39') in 0.226555 seconds 
========================================================================
Received Import Request.
  Time since last request: 63.788657 seconds.
  path: Assets/Sprites/mp_house_interiors_tileset_pack/bathroom.png
  artifactKey: Guid(2e92d46538f138b4e86fc2cbe8d9792e) Importer(815301076,1909f56bfc062723c751e8b465ee728b)
Start importing Assets/Sprites/mp_house_interiors_tileset_pack/bathroom.png using Guid(2e92d46538f138b4e86fc2cbe8d9792e) Importer(815301076,1909f56bfc062723c751e8b465ee728b)  -> (artifact id: '417bd1f5659105999ea0c72781a5c3b8') in 0.009336 seconds 
========================================================================
Received Import Request.
  Time since last request: 0.000025 seconds.
  path: Assets/Sprites/mp_house_interiors_tileset_pack/kids_bedroom.png
  artifactKey: Guid(4f962c830da9eb24b94a5808f3e458ea) Importer(815301076,1909f56bfc062723c751e8b465ee728b)
Start importing Assets/Sprites/mp_house_interiors_tileset_pack/kids_bedroom.png using Guid(4f962c830da9eb24b94a5808f3e458ea) Importer(815301076,1909f56bfc062723c751e8b465ee728b)  -> (artifact id: '8d936ef8866ed83e07aa8238278634f7') in 0.009932 seconds 
========================================================================
Received Import Request.
  Time since last request: 0.000017 seconds.
  path: Assets/Sprites/mp_house_interiors_tileset_pack/laundry_room.png
  artifactKey: Guid(c40c8d8ff79c42940803250ccf71f47c) Importer(815301076,1909f56bfc062723c751e8b465ee728b)
Start importing Assets/Sprites/mp_house_interiors_tileset_pack/laundry_room.png using Guid(c40c8d8ff79c42940803250ccf71f47c) Importer(815301076,1909f56bfc062723c751e8b465ee728b)  -> (artifact id: 'e26ecb3bffca8a93c6f21e48a1f2d6a3') in 0.009472 seconds 
========================================================================
Received Import Request.
  Time since last request: 0.000016 seconds.
  path: Assets/Sprites/mp_house_interiors_tileset_pack/tilemap_all.png
  artifactKey: Guid(905735ba452b94e4192f39dd4e6f3583) Importer(815301076,1909f56bfc062723c751e8b465ee728b)
Start importing Assets/Sprites/mp_house_interiors_tileset_pack/tilemap_all.png using Guid(905735ba452b94e4192f39dd4e6f3583) Importer(815301076,1909f56bfc062723c751e8b465ee728b)  -> (artifact id: '57d61f68c11f934599f2fb8ea4e3d7cb') in 0.012544 seconds 
========================================================================
Received Import Request.
  Time since last request: 0.000026 seconds.
  path: Assets/Sprites/mp_house_interiors_tileset_pack/mp_house_interiors_tileset_pack.psd
  artifactKey: Guid(4829e94f6df2a70478f71a34b54f8d79) Importer(815301076,1909f56bfc062723c751e8b465ee728b)
Start importing Assets/Sprites/mp_house_interiors_tileset_pack/mp_house_interiors_tileset_pack.psd using Guid(4829e94f6df2a70478f71a34b54f8d79) Importer(815301076,1909f56bfc062723c751e8b465ee728b)  -> (artifact id: 'ac54a9de18c88f1bea2b59f5f386ae21') in 0.019007 seconds 
Editor requested this worker to shutdown with reason: Scaling down because of idle timeout
AssetImportWorker is now disconnected from the server
Process exiting
Exiting without the bug reporter. Application will terminate with return code 0